<?xml version="1.0" encoding="UTF-8"?>
<!-- Generated by org.testng.reporters.JUnitReportReporter -->
<testsuite hostname="DESKTOP-8G2T0S1" failures="0" tests="1" name="getAPIS.GETAPIRequest" time="3.305" errors="0" timestamp="2024-09-19T20:25:20 IST" skipped="0">
  <testcase classname="getAPIS.GETAPIRequest" name="getUserAPIRequestwithQueryParam_WithHashMapAPI" time="3.305"/>
  <system-out/>
</testsuite> <!-- getAPIS.GETAPIRequest -->
